<?xml version="1.0" encoding="UTF-8"?>
<!-- Generated by org.testng.reporters.JUnitReportReporter -->
<testsuite hostname="DESKTOP-FFD9RBS" failures="0" tests="1" name="amazonDivyeshTestCase.NavBarTestCases" time="11.198" errors="0" timestamp="2025-06-19T11:46:18 IST" skipped="0">
  <testcase classname="amazonDivyeshTestCase.NavBarTestCases" name="homeAndKitchen_link_functionality" time="11.198"/>
</testsuite> <!-- amazonDivyeshTestCase.NavBarTestCases -->
