<?xml version="1.0" encoding="UTF-8"?>
<!-- Generated by org.testng.reporters.JUnitReportReporter -->
<testsuite hostname="DESKTOP-FFD9RBS" failures="0" tests="1" name="amazonDivyeshTestCase.HomePageCardSection" time="32.764" errors="0" timestamp="2025-06-29T11:27:47 IST" skipped="0">
  <testcase classname="amazonDivyeshTestCase.HomePageCardSection" name="making_HomePage_Appliance_For_Your_Home_Card_Dynamically_Checking_All_four_Cards" time="32.764"/>
</testsuite> <!-- amazonDivyeshTestCase.HomePageCardSection -->
