<?xml version="1.0" encoding="UTF-8"?>
<!-- Generated by org.testng.reporters.JUnitReportReporter -->
<testsuite hostname="DESKTOP-FFD9RBS" failures="0" tests="1" name="amazonNavBar.NavBarTestCases" time="4.313" errors="0" timestamp="2025-06-16T15:57:41 IST" skipped="0">
  <testcase classname="amazonNavBar.NavBarTestCases" name="todays_deal_Link_functionality" time="4.313"/>
</testsuite> <!-- amazonNavBar.NavBarTestCases -->
